[0.008s] Invoking command in '/home/bakelbakel/Documents/ROS2_workspaces/practice1_ws/build/practice_1': CMAKE_PREFIX_PATH=${CMAKE_PREFIX_PATH}:/opt/ros/jazzy DEBUGINFOD_URLS=https://debuginfod.ubuntu.com /usr/bin/cmake --build /home/bakelbakel/Documents/ROS2_workspaces/practice1_ws/build/practice_1 -- -j12 -l12
[0.077s] [100%] Built target publisher
[0.088s] Invoked command in '/home/bakelbakel/Documents/ROS2_workspaces/practice1_ws/build/practice_1' returned '0': CMAKE_PREFIX_PATH=${CMAKE_PREFIX_PATH}:/opt/ros/jazzy DEBUGINFOD_URLS=https://debuginfod.ubuntu.com /usr/bin/cmake --build /home/bakelbakel/Documents/ROS2_workspaces/practice1_ws/build/practice_1 -- -j12 -l12
[0.098s] Invoking command in '/home/bakelbakel/Documents/ROS2_workspaces/practice1_ws/build/practice_1': CMAKE_PREFIX_PATH=${CMAKE_PREFIX_PATH}:/opt/ros/jazzy DEBUGINFOD_URLS=https://debuginfod.ubuntu.com /usr/bin/cmake --install /home/bakelbakel/Documents/ROS2_workspaces/practice1_ws/build/practice_1
[0.105s] -- Install configuration: "RelWithDebInfo"
[0.105s] -- Execute custom install script
[0.106s] -- Up-to-date symlink: /home/bakelbakel/Documents/ROS2_workspaces/practice1_ws/install/practice_1/lib/practice_1/publisher
[0.106s] -- Up-to-date symlink: /home/bakelbakel/Documents/ROS2_workspaces/practice1_ws/install/practice_1/share/ament_index/resource_index/package_run_dependencies/practice_1
[0.106s] -- Up-to-date symlink: /home/bakelbakel/Documents/ROS2_workspaces/practice1_ws/install/practice_1/share/ament_index/resource_index/parent_prefix_path/practice_1
[0.106s] -- Up-to-date symlink: /home/bakelbakel/Documents/ROS2_workspaces/practice1_ws/install/practice_1/share/practice_1/environment/ament_prefix_path.sh
[0.106s] -- Up-to-date symlink: /home/bakelbakel/Documents/ROS2_workspaces/practice1_ws/install/practice_1/share/practice_1/environment/ament_prefix_path.dsv
[0.106s] -- Up-to-date symlink: /home/bakelbakel/Documents/ROS2_workspaces/practice1_ws/install/practice_1/share/practice_1/environment/path.sh
[0.107s] -- Up-to-date symlink: /home/bakelbakel/Documents/ROS2_workspaces/practice1_ws/install/practice_1/share/practice_1/environment/path.dsv
[0.107s] -- Up-to-date symlink: /home/bakelbakel/Documents/ROS2_workspaces/practice1_ws/install/practice_1/share/practice_1/local_setup.bash
[0.107s] -- Up-to-date symlink: /home/bakelbakel/Documents/ROS2_workspaces/practice1_ws/install/practice_1/share/practice_1/local_setup.sh
[0.107s] -- Up-to-date symlink: /home/bakelbakel/Documents/ROS2_workspaces/practice1_ws/install/practice_1/share/practice_1/local_setup.zsh
[0.107s] -- Up-to-date symlink: /home/bakelbakel/Documents/ROS2_workspaces/practice1_ws/install/practice_1/share/practice_1/local_setup.dsv
[0.107s] -- Symlinking: /home/bakelbakel/Documents/ROS2_workspaces/practice1_ws/install/practice_1/share/practice_1/package.dsv
[0.115s] -- Up-to-date symlink: /home/bakelbakel/Documents/ROS2_workspaces/practice1_ws/install/practice_1/share/ament_index/resource_index/packages/practice_1
[0.115s] -- Up-to-date symlink: /home/bakelbakel/Documents/ROS2_workspaces/practice1_ws/install/practice_1/share/practice_1/cmake/practice_1Config.cmake
[0.116s] -- Up-to-date symlink: /home/bakelbakel/Documents/ROS2_workspaces/practice1_ws/install/practice_1/share/practice_1/cmake/practice_1Config-version.cmake
[0.116s] -- Up-to-date symlink: /home/bakelbakel/Documents/ROS2_workspaces/practice1_ws/install/practice_1/share/practice_1/package.xml
[0.118s] Invoked command in '/home/bakelbakel/Documents/ROS2_workspaces/practice1_ws/build/practice_1' returned '0': CMAKE_PREFIX_PATH=${CMAKE_PREFIX_PATH}:/opt/ros/jazzy DEBUGINFOD_URLS=https://debuginfod.ubuntu.com /usr/bin/cmake --install /home/bakelbakel/Documents/ROS2_workspaces/practice1_ws/build/practice_1
