[0.006s] Invoking command in '/home/bakelbakel/Documents/ROS2_workspaces/practice1_ws/build/practice_1': CMAKE_PREFIX_PATH=${CMAKE_PREFIX_PATH}:/opt/ros/jazzy DEBUGINFOD_URLS=https://debuginfod.ubuntu.com /usr/bin/cmake /home/bakelbakel/Documents/ROS2_workspaces/practice1_ws/src/practice_1 -DAMENT_CMAKE_SYMLINK_INSTALL=1 -DCMAKE_INSTALL_PREFIX=/home/bakelbakel/Documents/ROS2_workspaces/practice1_ws/install/practice_1
[0.016s] -- Found ament_cmake: 2.5.3 (/opt/ros/jazzy/share/ament_cmake/cmake)
[0.227s] -- Override CMake install command with custom implementation using symlinks instead of copying resources
[0.234s] -- Found rclcpp: 28.1.6 (/opt/ros/jazzy/share/rclcpp/cmake)
[0.253s] -- Found rosidl_generator_c: 4.6.5 (/opt/ros/jazzy/share/rosidl_generator_c/cmake)
[0.259s] -- Found rosidl_generator_cpp: 4.6.5 (/opt/ros/jazzy/share/rosidl_generator_cpp/cmake)
[0.267s] -- Using all available rosidl_typesupport_c: rosidl_typesupport_fastrtps_c;rosidl_typesupport_introspection_c
[0.276s] -- Using all available rosidl_typesupport_cpp: rosidl_typesupport_fastrtps_cpp;rosidl_typesupport_introspection_cpp
[0.321s] -- Found rmw_implementation_cmake: 7.3.1 (/opt/ros/jazzy/share/rmw_implementation_cmake/cmake)
[0.322s] -- Found rmw_fastrtps_cpp: 8.4.1 (/opt/ros/jazzy/share/rmw_fastrtps_cpp/cmake)
[0.374s] -- Using RMW implementation 'rmw_fastrtps_cpp' as default
[0.415s] -- Found std_msgs: 5.3.5 (/opt/ros/jazzy/share/std_msgs/cmake)
[0.426s] -- Found ament_lint_auto: 0.17.1 (/opt/ros/jazzy/share/ament_lint_auto/cmake)
[0.519s] -- Added test 'cppcheck' to perform static code analysis on C / C++ code
[0.519s] -- Configured cppcheck include dirs: 
[0.519s] -- Configured cppcheck exclude dirs and/or files: 
[0.519s] -- Added test 'lint_cmake' to check CMake code style
[0.519s] -- Added test 'uncrustify' to check C / C++ code style
[0.519s] -- Configured uncrustify additional arguments: 
[0.520s] -- Added test 'xmllint' to check XML markup files
[0.520s] -- Configuring done (0.5s)
[0.528s] -- Generating done (0.0s)
[0.531s] -- Build files have been written to: /home/bakelbakel/Documents/ROS2_workspaces/practice1_ws/build/practice_1
[0.543s] Invoked command in '/home/bakelbakel/Documents/ROS2_workspaces/practice1_ws/build/practice_1' returned '0': CMAKE_PREFIX_PATH=${CMAKE_PREFIX_PATH}:/opt/ros/jazzy DEBUGINFOD_URLS=https://debuginfod.ubuntu.com /usr/bin/cmake /home/bakelbakel/Documents/ROS2_workspaces/practice1_ws/src/practice_1 -DAMENT_CMAKE_SYMLINK_INSTALL=1 -DCMAKE_INSTALL_PREFIX=/home/bakelbakel/Documents/ROS2_workspaces/practice1_ws/install/practice_1
[0.544s] Invoking command in '/home/bakelbakel/Documents/ROS2_workspaces/practice1_ws/build/practice_1': CMAKE_PREFIX_PATH=${CMAKE_PREFIX_PATH}:/opt/ros/jazzy DEBUGINFOD_URLS=https://debuginfod.ubuntu.com /usr/bin/cmake --build /home/bakelbakel/Documents/ROS2_workspaces/practice1_ws/build/practice_1 -- -j12 -l12
[0.620s] [100%] Built target publisher
[0.638s] Invoked command in '/home/bakelbakel/Documents/ROS2_workspaces/practice1_ws/build/practice_1' returned '0': CMAKE_PREFIX_PATH=${CMAKE_PREFIX_PATH}:/opt/ros/jazzy DEBUGINFOD_URLS=https://debuginfod.ubuntu.com /usr/bin/cmake --build /home/bakelbakel/Documents/ROS2_workspaces/practice1_ws/build/practice_1 -- -j12 -l12
[0.655s] Invoking command in '/home/bakelbakel/Documents/ROS2_workspaces/practice1_ws/build/practice_1': CMAKE_PREFIX_PATH=${CMAKE_PREFIX_PATH}:/opt/ros/jazzy DEBUGINFOD_URLS=https://debuginfod.ubuntu.com /usr/bin/cmake --install /home/bakelbakel/Documents/ROS2_workspaces/practice1_ws/build/practice_1
[0.665s] -- Install configuration: "RelWithDebInfo"
[0.665s] -- Execute custom install script
[0.665s] -- Up-to-date symlink: /home/bakelbakel/Documents/ROS2_workspaces/practice1_ws/install/practice_1/lib/practice_1/publisher
[0.666s] -- Up-to-date symlink: /home/bakelbakel/Documents/ROS2_workspaces/practice1_ws/install/practice_1/share/ament_index/resource_index/package_run_dependencies/practice_1
[0.666s] -- Up-to-date symlink: /home/bakelbakel/Documents/ROS2_workspaces/practice1_ws/install/practice_1/share/ament_index/resource_index/parent_prefix_path/practice_1
[0.666s] -- Up-to-date symlink: /home/bakelbakel/Documents/ROS2_workspaces/practice1_ws/install/practice_1/share/practice_1/environment/ament_prefix_path.sh
[0.666s] -- Up-to-date symlink: /home/bakelbakel/Documents/ROS2_workspaces/practice1_ws/install/practice_1/share/practice_1/environment/ament_prefix_path.dsv
[0.666s] -- Up-to-date symlink: /home/bakelbakel/Documents/ROS2_workspaces/practice1_ws/install/practice_1/share/practice_1/environment/path.sh
[0.666s] -- Up-to-date symlink: /home/bakelbakel/Documents/ROS2_workspaces/practice1_ws/install/practice_1/share/practice_1/environment/path.dsv
[0.666s] -- Up-to-date symlink: /home/bakelbakel/Documents/ROS2_workspaces/practice1_ws/install/practice_1/share/practice_1/local_setup.bash
[0.666s] -- Up-to-date symlink: /home/bakelbakel/Documents/ROS2_workspaces/practice1_ws/install/practice_1/share/practice_1/local_setup.sh
[0.667s] -- Up-to-date symlink: /home/bakelbakel/Documents/ROS2_workspaces/practice1_ws/install/practice_1/share/practice_1/local_setup.zsh
[0.667s] -- Up-to-date symlink: /home/bakelbakel/Documents/ROS2_workspaces/practice1_ws/install/practice_1/share/practice_1/local_setup.dsv
[0.667s] -- Symlinking: /home/bakelbakel/Documents/ROS2_workspaces/practice1_ws/install/practice_1/share/practice_1/package.dsv
[0.678s] -- Up-to-date symlink: /home/bakelbakel/Documents/ROS2_workspaces/practice1_ws/install/practice_1/share/ament_index/resource_index/packages/practice_1
[0.679s] -- Up-to-date symlink: /home/bakelbakel/Documents/ROS2_workspaces/practice1_ws/install/practice_1/share/practice_1/cmake/practice_1Config.cmake
[0.679s] -- Up-to-date symlink: /home/bakelbakel/Documents/ROS2_workspaces/practice1_ws/install/practice_1/share/practice_1/cmake/practice_1Config-version.cmake
[0.679s] -- Up-to-date symlink: /home/bakelbakel/Documents/ROS2_workspaces/practice1_ws/install/practice_1/share/practice_1/package.xml
[0.682s] Invoked command in '/home/bakelbakel/Documents/ROS2_workspaces/practice1_ws/build/practice_1' returned '0': CMAKE_PREFIX_PATH=${CMAKE_PREFIX_PATH}:/opt/ros/jazzy DEBUGINFOD_URLS=https://debuginfod.ubuntu.com /usr/bin/cmake --install /home/bakelbakel/Documents/ROS2_workspaces/practice1_ws/build/practice_1
